App running on port: 
server listening in port: 5013
========fileObj=========
{ 'INE javier ponce.pdf': 
   { name: 'INE javier ponce.pdf',
     data: <Buffer 25 50 44 46 2d 31 2e 35 0a 25 bf f7 a2 fe 0a 32 20 30 20 6f 62 6a 0a 3c 3c 20 2f 4c 69 6e 65 61 72 69 7a 65 64 20 31 20 2f 4c 20 34 37 31 31 33 38 20 ... >,
     size: 471138,
     encoding: 'binary',
     tempFilePath: '',
     truncated: false,
     mimetype: 'application/pdf',
     md5: '4eac6c06a832cca6f2294765a7f7f11c',
     mv: [Function: mv] } }
=================
Archivo guardado localmente!
error al subir archivo{"errors":[{"domain":"global","reason":"forbidden","message":"prueba-javier1@helical-apricot-234520.iam.gserviceaccount.com does not have storage.objects.create access to deteccion-de-docs-soacmc."}],"code":403,"message":"prueba-javier1@helical-apricot-234520.iam.gserviceaccount.com does not have storage.objects.create access to deteccion-de-docs-soacmc."}
========fileObj=========
{ 'INE javier ponce.pdf': 
   { name: 'INE javier ponce.pdf',
     data: <Buffer 25 50 44 46 2d 31 2e 35 0a 25 bf f7 a2 fe 0a 32 20 30 20 6f 62 6a 0a 3c 3c 20 2f 4c 69 6e 65 61 72 69 7a 65 64 20 31 20 2f 4c 20 34 37 31 31 33 38 20 ... >,
     size: 471138,
     encoding: 'binary',
     tempFilePath: '',
     truncated: false,
     mimetype: 'application/pdf',
     md5: '4eac6c06a832cca6f2294765a7f7f11c',
     mv: [Function: mv] } }
=================
Archivo guardado localmente!
error al subir archivo{"errors":[{"domain":"global","reason":"forbidden","message":"prueba-javier1@helical-apricot-234520.iam.gserviceaccount.com does not have storage.objects.create access to deteccion-de-docs-soacmc."}],"code":403,"message":"prueba-javier1@helical-apricot-234520.iam.gserviceaccount.com does not have storage.objects.create access to deteccion-de-docs-soacmc."}
========fileObj=========
{ 'INE javier ponce.pdf': 
   { name: 'INE javier ponce.pdf',
     data: <Buffer 25 50 44 46 2d 31 2e 35 0a 25 bf f7 a2 fe 0a 32 20 30 20 6f 62 6a 0a 3c 3c 20 2f 4c 69 6e 65 61 72 69 7a 65 64 20 31 20 2f 4c 20 34 37 31 31 33 38 20 ... >,
     size: 471138,
     encoding: 'binary',
     tempFilePath: '',
     truncated: false,
     mimetype: 'application/pdf',
     md5: '4eac6c06a832cca6f2294765a7f7f11c',
     mv: [Function: mv] } }
=================
Archivo guardado localmente!
error al subir archivo{"errors":[{"domain":"global","reason":"forbidden","message":"prueba-javier1@helical-apricot-234520.iam.gserviceaccount.com does not have storage.objects.create access to deteccion-de-docs-soacmc."}],"code":403,"message":"prueba-javier1@helical-apricot-234520.iam.gserviceaccount.com does not have storage.objects.create access to deteccion-de-docs-soacmc."}
========fileObj=========
{ 'INE javier ponce.pdf': 
   { name: 'INE javier ponce.pdf',
     data: <Buffer 25 50 44 46 2d 31 2e 35 0a 25 bf f7 a2 fe 0a 32 20 30 20 6f 62 6a 0a 3c 3c 20 2f 4c 69 6e 65 61 72 69 7a 65 64 20 31 20 2f 4c 20 34 37 31 31 33 38 20 ... >,
     size: 471138,
     encoding: 'binary',
     tempFilePath: '',
     truncated: false,
     mimetype: 'application/pdf',
     md5: '4eac6c06a832cca6f2294765a7f7f11c',
     mv: [Function: mv] } }
=================
Archivo guardado localmente!
error al subir archivo{"errors":[{"domain":"global","reason":"forbidden","message":"prueba-javier1@helical-apricot-234520.iam.gserviceaccount.com does not have storage.objects.create access to deteccion-de-docs-soacmc."}],"code":403,"message":"prueba-javier1@helical-apricot-234520.iam.gserviceaccount.com does not have storage.objects.create access to deteccion-de-docs-soacmc."}
========fileObj=========
{ 'INE javier ponce.pdf': 
   { name: 'INE javier ponce.pdf',
     data: <Buffer 25 50 44 46 2d 31 2e 35 0a 25 bf f7 a2 fe 0a 32 20 30 20 6f 62 6a 0a 3c 3c 20 2f 4c 69 6e 65 61 72 69 7a 65 64 20 31 20 2f 4c 20 34 37 31 31 33 38 20 ... >,
     size: 471138,
     encoding: 'binary',
     tempFilePath: '',
     truncated: false,
     mimetype: 'application/pdf',
     md5: '4eac6c06a832cca6f2294765a7f7f11c',
     mv: [Function: mv] } }
=================
Archivo guardado localmente!
error al subir archivo{"errors":[{"domain":"global","reason":"forbidden","message":"prueba-javier1@helical-apricot-234520.iam.gserviceaccount.com does not have storage.objects.create access to deteccion-de-docs-soacmc."}],"code":403,"message":"prueba-javier1@helical-apricot-234520.iam.gserviceaccount.com does not have storage.objects.create access to deteccion-de-docs-soacmc."}
========fileObj=========
{ 'INE javier ponce.pdf': 
   { name: 'INE javier ponce.pdf',
     data: <Buffer 25 50 44 46 2d 31 2e 35 0a 25 bf f7 a2 fe 0a 32 20 30 20 6f 62 6a 0a 3c 3c 20 2f 4c 69 6e 65 61 72 69 7a 65 64 20 31 20 2f 4c 20 34 37 31 31 33 38 20 ... >,
     size: 471138,
     encoding: 'binary',
     tempFilePath: '',
     truncated: false,
     mimetype: 'application/pdf',
     md5: '4eac6c06a832cca6f2294765a7f7f11c',
     mv: [Function: mv] } }
=================
Archivo guardado localmente!
error al subir archivo{"errors":[{"domain":"global","reason":"forbidden","message":"prueba-javier1@helical-apricot-234520.iam.gserviceaccount.com does not have storage.objects.create access to deteccion-de-docs-soacmc."}],"code":403,"message":"prueba-javier1@helical-apricot-234520.iam.gserviceaccount.com does not have storage.objects.create access to deteccion-de-docs-soacmc."}
