App running on port: 
server listening in port: 5013
========fileObj=========
{ domicilio: 
   { name: 'INE javier ponce.pdf',
     data: <Buffer 25 50 44 46 2d 31 2e 35 0a 25 bf f7 a2 fe 0a 32 20 30 20 6f 62 6a 0a 3c 3c 20 2f 4c 69 6e 65 61 72 69 7a 65 64 20 31 20 2f 4c 20 34 37 31 31 33 38 20 ... >,
     size: 471138,
     encoding: '7bit',
     tempFilePath: '',
     truncated: false,
     mimetype: 'application/pdf',
     md5: '4eac6c06a832cca6f2294765a7f7f11c',
     mv: [Function: mv] } }
=================
Archivo guardado localmente!
se termino de leer y subir el archivo
gs://deteccion-de-docs-soacmc/INE javier ponce.pdf is now public.
gs://deteccion-de-docs-soacmc/INE javier ponceoutput-1-to-1.json is now public.
=======info del doc:
MÉXICO
INSTITUTO NACIONAL ELECTORAL
CREDENCIAL PARA VOTAR
NOMBRE
PONCE
MARTINEZ
FRANCISCO JAVIER
DOMICILIO
FECHA DE NACIMIENTO
08/12/1992
SEXO H
erraprammmmmmmmmmmm
COL XALPA 09640
IZTAPALAPA, CDMX
CLAVE DE ELECTOR PNMRFR92120815H300
CURP POMF921208HMCNRR09 ANO DE REGISTRO 2011 02
ESTADO 09 MUNICIPIO 007 SECCION 2812
LOCALIDAD 0001 EMISIÓN 2018 VIGENCIA 2028
BOO 1924
EDMUNDO JACOBO MOLINA
SECRETARIO ECUTIVO DEL
INSTITUTO NACIONAL ELECTORAL
IDMEX1748987079<<2812089064594
9212082 H 2812 313 MEX<02<<16485<6
PONCE<MARTINEZ << FRANCISCO JAVI

==============
[ 'PONCE',
  'MARTINEZ',
  'FRANCISCO JAVIER',
  'COL XALPA 09640',
  'IZTAPALAPA, CDMX',
  '' ]
INE javier ponce.pdf borrado de google storage!
Archivo INE javier ponceoutput-1-to-1.json borrado localmente!
Archivo INE javier ponce.pdf borrado localmente!
